Started GET "/" for ::1 at 2025-02-26 20:29:50 +0100
  [1m[35m (0.3ms)[0m  [1m[35mCREATE TABLE "schema_migrations" ("version" varchar NOT NULL PRIMARY KEY)[0m
  [1m[35m (0.1ms)[0m  [1m[35mCREATE TABLE "ar_internal_metadata" ("key" varchar NOT NULL PRIMARY KEY, "value" varchar, "created_at" datetime(6) NOT NULL, "updated_at" datetime(6) NOT NULL)[0m
  [1m[36mActiveRecord::SchemaMigration Load (0.1ms)[0m  [1m[34mSELECT "schema_migrations"."version" FROM "schema_migrations" ORDER BY "schema_migrations"."version" ASC[0m
  
ActiveRecord::PendingMigrationError (

Migrations are pending. To resolve this issue, run:

        bin/rails db:migrate

You have 2 pending migrations:

db/migrate/20220317114556_create_restaurants.rb
db/migrate/20220317114651_create_reviews.rb


):
  
activerecord (7.1.3.4) lib/active_record/migration.rb:755:in `check_pending_migrations'
activerecord (7.1.3.4) lib/active_record/migration.rb:644:in `block (2 levels) in call'
activesupport (7.1.3.4) lib/active_support/file_update_checker.rb:85:in `execute'
activerecord (7.1.3.4) lib/active_record/migration.rb:649:in `block in call'
activerecord (7.1.3.4) lib/active_record/migration.rb:641:in `synchronize'
activerecord (7.1.3.4) lib/active_record/migration.rb:641:in `call'
actionpack (7.1.3.4) lib/action_dispatch/middleware/callbacks.rb:29:in `block in call'
activesupport (7.1.3.4) lib/active_support/callbacks.rb:101:in `run_callbacks'
actionpack (7.1.3.4) lib/action_dispatch/middleware/callbacks.rb:28:in `call'
actionpack (7.1.3.4) lib/action_dispatch/middleware/executor.rb:14:in `call'
actionpack (7.1.3.4) lib/action_dispatch/middleware/actionable_exceptions.rb:16:in `call'
actionpack (7.1.3.4) lib/action_dispatch/middleware/debug_exceptions.rb:29:in `call'
web-console (4.2.1) lib/web_console/middleware.rb:132:in `call_app'
web-console (4.2.1) lib/web_console/middleware.rb:28:in `block in call'
web-console (4.2.1) lib/web_console/middleware.rb:17:in `catch'
web-console (4.2.1) lib/web_console/middleware.rb:17:in `call'
actionpack (7.1.3.4) lib/action_dispatch/middleware/show_exceptions.rb:31:in `call'
railties (7.1.3.4) lib/rails/rack/logger.rb:37:in `call_app'
railties (7.1.3.4) lib/rails/rack/logger.rb:24:in `block in call'
activesupport (7.1.3.4) lib/active_support/tagged_logging.rb:135:in `block in tagged'
activesupport (7.1.3.4) lib/active_support/tagged_logging.rb:39:in `tagged'
activesupport (7.1.3.4) lib/active_support/tagged_logging.rb:135:in `tagged'
activesupport (7.1.3.4) lib/active_support/broadcast_logger.rb:240:in `method_missing'
railties (7.1.3.4) lib/rails/rack/logger.rb:24:in `call'
sprockets-rails (3.5.2) lib/sprockets/rails/quiet_assets.rb:17:in `call'
actionpack (7.1.3.4) lib/action_dispatch/middleware/remote_ip.rb:92:in `call'
actionpack (7.1.3.4) lib/action_dispatch/middleware/request_id.rb:28:in `call'
rack (3.1.7) lib/rack/method_override.rb:28:in `call'
rack (3.1.7) lib/rack/runtime.rb:24:in `call'
activesupport (7.1.3.4) lib/active_support/cache/strategy/local_cache_middleware.rb:29:in `call'
actionpack (7.1.3.4) lib/action_dispatch/middleware/server_timing.rb:59:in `block in call'
actionpack (7.1.3.4) lib/action_dispatch/middleware/server_timing.rb:24:in `collect_events'
actionpack (7.1.3.4) lib/action_dispatch/middleware/server_timing.rb:58:in `call'
actionpack (7.1.3.4) lib/action_dispatch/middleware/executor.rb:14:in `call'
actionpack (7.1.3.4) lib/action_dispatch/middleware/static.rb:25:in `call'
rack (3.1.7) lib/rack/sendfile.rb:114:in `call'
actionpack (7.1.3.4) lib/action_dispatch/middleware/host_authorization.rb:141:in `call'
railties (7.1.3.4) lib/rails/engine.rb:536:in `call'
puma (6.4.3) lib/puma/configuration.rb:272:in `call'
puma (6.4.3) lib/puma/request.rb:100:in `block in handle_request'
puma (6.4.3) lib/puma/thread_pool.rb:378:in `with_force_shutdown'
puma (6.4.3) lib/puma/request.rb:99:in `handle_request'
puma (6.4.3) lib/puma/server.rb:464:in `process_client'
puma (6.4.3) lib/puma/server.rb:245:in `block in run'
puma (6.4.3) lib/puma/thread_pool.rb:155:in `block in spawn_thread'
Started GET "/" for ::1 at 2025-02-26 20:31:20 +0100
  [1m[36mActiveRecord::SchemaMigration Load (0.0ms)[0m  [1m[34mSELECT "schema_migrations"."version" FROM "schema_migrations" ORDER BY "schema_migrations"."version" ASC[0m
  
ActiveRecord::PendingMigrationError (

Migrations are pending. To resolve this issue, run:

        bin/rails db:migrate

You have 2 pending migrations:

db/migrate/20220317114556_create_restaurants.rb
db/migrate/20220317114651_create_reviews.rb


):
  
activerecord (7.1.3.4) lib/active_record/migration.rb:755:in `check_pending_migrations'
activerecord (7.1.3.4) lib/active_record/migration.rb:644:in `block (2 levels) in call'
activesupport (7.1.3.4) lib/active_support/file_update_checker.rb:85:in `execute'
activerecord (7.1.3.4) lib/active_record/migration.rb:649:in `block in call'
activerecord (7.1.3.4) lib/active_record/migration.rb:641:in `synchronize'
activerecord (7.1.3.4) lib/active_record/migration.rb:641:in `call'
actionpack (7.1.3.4) lib/action_dispatch/middleware/callbacks.rb:29:in `block in call'
activesupport (7.1.3.4) lib/active_support/callbacks.rb:101:in `run_callbacks'
actionpack (7.1.3.4) lib/action_dispatch/middleware/callbacks.rb:28:in `call'
actionpack (7.1.3.4) lib/action_dispatch/middleware/executor.rb:14:in `call'
actionpack (7.1.3.4) lib/action_dispatch/middleware/actionable_exceptions.rb:16:in `call'
actionpack (7.1.3.4) lib/action_dispatch/middleware/debug_exceptions.rb:29:in `call'
web-console (4.2.1) lib/web_console/middleware.rb:132:in `call_app'
web-console (4.2.1) lib/web_console/middleware.rb:28:in `block in call'
web-console (4.2.1) lib/web_console/middleware.rb:17:in `catch'
web-console (4.2.1) lib/web_console/middleware.rb:17:in `call'
actionpack (7.1.3.4) lib/action_dispatch/middleware/show_exceptions.rb:31:in `call'
railties (7.1.3.4) lib/rails/rack/logger.rb:37:in `call_app'
railties (7.1.3.4) lib/rails/rack/logger.rb:24:in `block in call'
activesupport (7.1.3.4) lib/active_support/tagged_logging.rb:135:in `block in tagged'
activesupport (7.1.3.4) lib/active_support/tagged_logging.rb:39:in `tagged'
activesupport (7.1.3.4) lib/active_support/tagged_logging.rb:135:in `tagged'
activesupport (7.1.3.4) lib/active_support/broadcast_logger.rb:240:in `method_missing'
railties (7.1.3.4) lib/rails/rack/logger.rb:24:in `call'
sprockets-rails (3.5.2) lib/sprockets/rails/quiet_assets.rb:17:in `call'
actionpack (7.1.3.4) lib/action_dispatch/middleware/remote_ip.rb:92:in `call'
actionpack (7.1.3.4) lib/action_dispatch/middleware/request_id.rb:28:in `call'
rack (3.1.7) lib/rack/method_override.rb:28:in `call'
rack (3.1.7) lib/rack/runtime.rb:24:in `call'
activesupport (7.1.3.4) lib/active_support/cache/strategy/local_cache_middleware.rb:29:in `call'
actionpack (7.1.3.4) lib/action_dispatch/middleware/server_timing.rb:59:in `block in call'
actionpack (7.1.3.4) lib/action_dispatch/middleware/server_timing.rb:24:in `collect_events'
actionpack (7.1.3.4) lib/action_dispatch/middleware/server_timing.rb:58:in `call'
actionpack (7.1.3.4) lib/action_dispatch/middleware/executor.rb:14:in `call'
actionpack (7.1.3.4) lib/action_dispatch/middleware/static.rb:25:in `call'
rack (3.1.7) lib/rack/sendfile.rb:114:in `call'
actionpack (7.1.3.4) lib/action_dispatch/middleware/host_authorization.rb:141:in `call'
railties (7.1.3.4) lib/rails/engine.rb:536:in `call'
puma (6.4.3) lib/puma/configuration.rb:272:in `call'
puma (6.4.3) lib/puma/request.rb:100:in `block in handle_request'
puma (6.4.3) lib/puma/thread_pool.rb:378:in `with_force_shutdown'
puma (6.4.3) lib/puma/request.rb:99:in `handle_request'
puma (6.4.3) lib/puma/server.rb:464:in `process_client'
puma (6.4.3) lib/puma/server.rb:245:in `block in run'
puma (6.4.3) lib/puma/thread_pool.rb:155:in `block in spawn_thread'
  [1m[36mActiveRecord::InternalMetadata Load (0.1ms)[0m  [1m[34mSELECT * FROM "ar_internal_metadata" WHERE "ar_internal_metadata"."key" = ? ORDER BY "ar_internal_metadata"."key" ASC LIMIT 1[0m  [[nil, "environment"]]
  [1m[36mActiveRecord::InternalMetadata Create (0.1ms)[0m  [1m[32mINSERT INTO "ar_internal_metadata" ("key", "value", "created_at", "updated_at") VALUES ('environment', 'development', '2025-02-26 19:31:51.922562', '2025-02-26 19:31:51.922563') RETURNING "key"[0m
  [1m[36mActiveRecord::SchemaMigration Load (0.0ms)[0m  [1m[34mSELECT "schema_migrations"."version" FROM "schema_migrations" ORDER BY "schema_migrations"."version" ASC[0m
Migrating to CreateRestaurants (20220317114556)
  [1m[36mTRANSACTION (0.0ms)[0m  [1m[36mbegin transaction[0m
  [1m[35m (0.3ms)[0m  [1m[35mCREATE TABLE "restaurants" ("id" integer PRIMARY KEY AUTOINCREMENT NOT NULL, "name" varchar, "address" varchar, "phone_number" varchar, "category" varchar, "created_at" datetime(6) NOT NULL, "updated_at" datetime(6) NOT NULL)[0m
  [1m[36mActiveRecord::SchemaMigration Create (0.0ms)[0m  [1m[32mINSERT INTO "schema_migrations" ("version") VALUES ('20220317114556') RETURNING "version"[0m
  [1m[36mTRANSACTION (0.0ms)[0m  [1m[36mcommit transaction[0m
Migrating to CreateReviews (20220317114651)
  [1m[36mTRANSACTION (0.0ms)[0m  [1m[36mbegin transaction[0m
  [1m[35m (0.2ms)[0m  [1m[35mCREATE TABLE "reviews" ("id" integer PRIMARY KEY AUTOINCREMENT NOT NULL, "content" text, "rating" integer, "restaurant_id" integer NOT NULL, "created_at" datetime(6) NOT NULL, "updated_at" datetime(6) NOT NULL, CONSTRAINT "fk_rails_8173017a90"
FOREIGN KEY ("restaurant_id")
  REFERENCES "restaurants" ("id")
)[0m
  [1m[35m (0.0ms)[0m  [1m[35mCREATE INDEX "index_reviews_on_restaurant_id" ON "reviews" ("restaurant_id")[0m
  [1m[36mActiveRecord::SchemaMigration Create (0.0ms)[0m  [1m[32mINSERT INTO "schema_migrations" ("version") VALUES ('20220317114651') RETURNING "version"[0m
  [1m[36mTRANSACTION (0.0ms)[0m  [1m[36mcommit transaction[0m
  [1m[36mActiveRecord::SchemaMigration Load (0.0ms)[0m  [1m[34mSELECT "schema_migrations"."version" FROM "schema_migrations" ORDER BY "schema_migrations"."version" ASC[0m
Started GET "/" for ::1 at 2025-02-26 20:31:55 +0100
  [1m[36mActiveRecord::SchemaMigration Load (0.0ms)[0m  [1m[34mSELECT "schema_migrations"."version" FROM "schema_migrations" ORDER BY "schema_migrations"."version" ASC[0m
Processing by RestaurantsController#index as HTML
  Rendering layout layouts/application.html.erb
  Rendering restaurants/index.html.erb within layouts/application
  [1m[36mRestaurant Load (0.0ms)[0m  [1m[34mSELECT "restaurants".* FROM "restaurants"[0m
  ↳ app/views/restaurants/index.html.erb:6
  Rendered restaurants/index.html.erb within layouts/application (Duration: 1.2ms | Allocations: 1198)
  Rendered layout layouts/application.html.erb (Duration: 56.2ms | Allocations: 68024)
Completed 200 OK in 71ms (Views: 56.2ms | ActiveRecord: 0.8ms | Allocations: 79179)


Started GET "/restaurants/new" for ::1 at 2025-02-26 20:31:57 +0100
Processing by RestaurantsController#new as HTML
  Rendering layout layouts/application.html.erb
  Rendering restaurants/new.html.erb within layouts/application
  Rendered restaurants/new.html.erb within layouts/application (Duration: 61.8ms | Allocations: 21242)
  Rendered layout layouts/application.html.erb (Duration: 62.5ms | Allocations: 22306)
Completed 200 OK in 83ms (Views: 63.1ms | ActiveRecord: 0.7ms | Allocations: 32937)


Started POST "/restaurants" for ::1 at 2025-02-26 20:32:41 +0100
Processing by RestaurantsController#create as TURBO_STREAM
  Parameters: {"authenticity_token"=>"[FILTERED]", "restaurant"=>{"name"=>"dong joang", "address"=>"kantstr.23 ", "phone_number"=>"0986453628731", "category"=>"chinese"}, "commit"=>"Create Restaurant"}
  [1m[36mTRANSACTION (0.1ms)[0m  [1m[36mbegin transaction[0m
  ↳ app/controllers/restaurants_controller.rb:17:in `create'
  [1m[36mRestaurant Create (0.8ms)[0m  [1m[32mINSERT INTO "restaurants" ("name", "address", "phone_number", "category", "created_at", "updated_at") VALUES (?, ?, ?, ?, ?, ?) RETURNING "id"[0m  [["name", "dong joang"], ["address", "kantstr.23 "], ["phone_number", "0986453628731"], ["category", "chinese"], ["created_at", "2025-02-26 19:32:41.631942"], ["updated_at", "2025-02-26 19:32:41.631942"]]
  ↳ app/controllers/restaurants_controller.rb:17:in `create'
  [1m[36mTRANSACTION (0.5ms)[0m  [1m[36mcommit transaction[0m
  ↳ app/controllers/restaurants_controller.rb:17:in `create'
Redirected to http://localhost:3000/restaurants/1
Completed 302 Found in 5ms (ActiveRecord: 1.3ms | Allocations: 3616)


Started GET "/restaurants/1" for ::1 at 2025-02-26 20:32:41 +0100
Processing by RestaurantsController#show as TURBO_STREAM
  Parameters: {"id"=>"1"}
  [1m[36mRestaurant Load (0.1ms)[0m  [1m[34mSELECT "restaurants".* FROM "restaurants" WHERE "restaurants"."id" = ? LIMIT ?[0m  [["id", 1], ["LIMIT", 1]]
  ↳ app/controllers/restaurants_controller.rb:7:in `show'
  Rendering layout layouts/application.html.erb
  Rendering restaurants/show.html.erb within layouts/application
  [1m[36mReview Load (0.1ms)[0m  [1m[34mSELECT "reviews".* FROM "reviews" WHERE "reviews"."restaurant_id" = ?[0m  [["restaurant_id", 1]]
  ↳ app/views/restaurants/show.html.erb:23
  Rendered restaurants/show.html.erb within layouts/application (Duration: 13.7ms | Allocations: 9956)
  Rendered layout layouts/application.html.erb (Duration: 14.8ms | Allocations: 11001)
Completed 200 OK in 27ms (Views: 15.0ms | ActiveRecord: 0.4ms | Allocations: 20741)


Started GET "/restaurants" for ::1 at 2025-02-26 20:32:50 +0100
Processing by RestaurantsController#index as HTML
  Rendering layout layouts/application.html.erb
  Rendering restaurants/index.html.erb within layouts/application
  [1m[36mRestaurant Load (0.2ms)[0m  [1m[34mSELECT "restaurants".* FROM "restaurants"[0m
  ↳ app/views/restaurants/index.html.erb:6
  Rendered restaurants/index.html.erb within layouts/application (Duration: 2.0ms | Allocations: 472)
  Rendered layout layouts/application.html.erb (Duration: 5.9ms | Allocations: 1857)
Completed 200 OK in 8ms (Views: 6.5ms | ActiveRecord: 0.2ms | Allocations: 2096)


Started POST "/restaurants/1/reviews" for ::1 at 2025-02-26 20:32:50 +0100
Processing by ReviewsController#create as TURBO_STREAM
  Parameters: {"authenticity_token"=>"[FILTERED]", "review"=>{"rating"=>"2", "content"=>"nice"}, "commit"=>"Create Review", "restaurant_id"=>"1"}
  [1m[36mRestaurant Load (0.2ms)[0m  [1m[34mSELECT "restaurants".* FROM "restaurants" WHERE "restaurants"."id" = ? LIMIT ?[0m  [["id", 1], ["LIMIT", 1]]
  ↳ app/controllers/reviews_controller.rb:3:in `create'
  [1m[36mTRANSACTION (0.1ms)[0m  [1m[36mbegin transaction[0m
  ↳ app/controllers/reviews_controller.rb:6:in `create'
  [1m[36mReview Create (1.5ms)[0m  [1m[32mINSERT INTO "reviews" ("content", "rating", "restaurant_id", "created_at", "updated_at") VALUES (?, ?, ?, ?, ?) RETURNING "id"[0m  [["content", "nice"], ["rating", 2], ["restaurant_id", 1], ["created_at", "2025-02-26 19:32:50.986407"], ["updated_at", "2025-02-26 19:32:50.986407"]]
  ↳ app/controllers/reviews_controller.rb:6:in `create'
  [1m[36mTRANSACTION (0.4ms)[0m  [1m[36mcommit transaction[0m
  ↳ app/controllers/reviews_controller.rb:6:in `create'
Redirected to http://localhost:3000/restaurants/1
Completed 302 Found in 15ms (ActiveRecord: 2.1ms | Allocations: 3948)


Started GET "/restaurants/1" for ::1 at 2025-02-26 20:32:51 +0100
Processing by RestaurantsController#show as TURBO_STREAM
  Parameters: {"id"=>"1"}
  [1m[36mRestaurant Load (0.1ms)[0m  [1m[34mSELECT "restaurants".* FROM "restaurants" WHERE "restaurants"."id" = ? LIMIT ?[0m  [["id", 1], ["LIMIT", 1]]
  ↳ app/controllers/restaurants_controller.rb:7:in `show'
  Rendering layout layouts/application.html.erb
  Rendering restaurants/show.html.erb within layouts/application
  [1m[36mReview Load (0.0ms)[0m  [1m[34mSELECT "reviews".* FROM "reviews" WHERE "reviews"."restaurant_id" = ?[0m  [["restaurant_id", 1]]
  ↳ app/views/restaurants/show.html.erb:23
  Rendered restaurants/show.html.erb within layouts/application (Duration: 4.0ms | Allocations: 3187)
  Rendered layout layouts/application.html.erb (Duration: 5.4ms | Allocations: 4246)
Completed 200 OK in 7ms (Views: 5.7ms | ActiveRecord: 0.1ms | Allocations: 4856)


Started GET "/restaurants" for ::1 at 2025-02-26 20:32:51 +0100
Processing by RestaurantsController#index as HTML
  Rendering layout layouts/application.html.erb
  Rendering restaurants/index.html.erb within layouts/application
  [1m[36mRestaurant Load (0.2ms)[0m  [1m[34mSELECT "restaurants".* FROM "restaurants"[0m
  ↳ app/views/restaurants/index.html.erb:6
  Rendered restaurants/index.html.erb within layouts/application (Duration: 1.8ms | Allocations: 467)
  Rendered layout layouts/application.html.erb (Duration: 6.0ms | Allocations: 1846)
Completed 200 OK in 8ms (Views: 6.8ms | ActiveRecord: 0.1ms | Allocations: 2079)


Started GET "/restaurants" for ::1 at 2025-02-26 20:32:59 +0100
Processing by RestaurantsController#index as HTML
  Rendering layout layouts/application.html.erb
  Rendering restaurants/index.html.erb within layouts/application
  [1m[36mRestaurant Load (0.2ms)[0m  [1m[34mSELECT "restaurants".* FROM "restaurants"[0m
  ↳ app/views/restaurants/index.html.erb:6
  Rendered restaurants/index.html.erb within layouts/application (Duration: 2.1ms | Allocations: 467)
  Rendered layout layouts/application.html.erb (Duration: 5.1ms | Allocations: 1852)
Completed 200 OK in 7ms (Views: 5.8ms | ActiveRecord: 0.2ms | Allocations: 2086)


Started GET "/restaurants/new" for ::1 at 2025-02-26 20:33:00 +0100
Processing by RestaurantsController#new as HTML
  Rendering layout layouts/application.html.erb
  Rendering restaurants/new.html.erb within layouts/application
  Rendered restaurants/new.html.erb within layouts/application (Duration: 5.1ms | Allocations: 4018)
  Rendered layout layouts/application.html.erb (Duration: 7.3ms | Allocations: 5067)
Completed 200 OK in 9ms (Views: 8.2ms | ActiveRecord: 0.0ms | Allocations: 5308)


Started GET "/restaurants/1" for ::1 at 2025-02-26 20:33:01 +0100
Processing by RestaurantsController#show as HTML
  Parameters: {"id"=>"1"}
  [1m[36mRestaurant Load (0.2ms)[0m  [1m[34mSELECT "restaurants".* FROM "restaurants" WHERE "restaurants"."id" = ? LIMIT ?[0m  [["id", 1], ["LIMIT", 1]]
  ↳ app/controllers/restaurants_controller.rb:7:in `show'
  Rendering layout layouts/application.html.erb
  Rendering restaurants/show.html.erb within layouts/application
  [1m[36mReview Load (0.1ms)[0m  [1m[34mSELECT "reviews".* FROM "reviews" WHERE "reviews"."restaurant_id" = ?[0m  [["restaurant_id", 1]]
  ↳ app/views/restaurants/show.html.erb:23
  Rendered restaurants/show.html.erb within layouts/application (Duration: 6.7ms | Allocations: 3134)
  Rendered layout layouts/application.html.erb (Duration: 9.8ms | Allocations: 4179)
Completed 200 OK in 13ms (Views: 10.5ms | ActiveRecord: 0.3ms | Allocations: 4785)


Started GET "/restaurants" for ::1 at 2025-02-26 20:33:02 +0100
Processing by RestaurantsController#index as HTML
  Rendering layout layouts/application.html.erb
  Rendering restaurants/index.html.erb within layouts/application
  [1m[36mRestaurant Load (0.2ms)[0m  [1m[34mSELECT "restaurants".* FROM "restaurants"[0m
  ↳ app/views/restaurants/index.html.erb:6
  Rendered restaurants/index.html.erb within layouts/application (Duration: 1.9ms | Allocations: 467)
  Rendered layout layouts/application.html.erb (Duration: 4.9ms | Allocations: 1867)
Completed 200 OK in 6ms (Views: 5.4ms | ActiveRecord: 0.2ms | Allocations: 2100)


Started GET "/restaurants" for ::1 at 2025-02-26 20:33:07 +0100
Processing by RestaurantsController#index as HTML
  Rendering layout layouts/application.html.erb
  Rendering restaurants/index.html.erb within layouts/application
  [1m[36mRestaurant Load (0.2ms)[0m  [1m[34mSELECT "restaurants".* FROM "restaurants"[0m
  ↳ app/views/restaurants/index.html.erb:6
  Rendered restaurants/index.html.erb within layouts/application (Duration: 2.0ms | Allocations: 467)
  Rendered layout layouts/application.html.erb (Duration: 5.7ms | Allocations: 1855)
Completed 200 OK in 8ms (Views: 6.3ms | ActiveRecord: 0.2ms | Allocations: 2088)


Started GET "/restaurants/new" for ::1 at 2025-02-26 20:33:07 +0100
Processing by RestaurantsController#new as HTML
  Rendering layout layouts/application.html.erb
  Rendering restaurants/new.html.erb within layouts/application
  Rendered restaurants/new.html.erb within layouts/application (Duration: 18.8ms | Allocations: 4015)
  Rendered layout layouts/application.html.erb (Duration: 21.2ms | Allocations: 5078)
Completed 200 OK in 23ms (Views: 22.1ms | ActiveRecord: 0.0ms | Allocations: 5320)


Started GET "/restaurants/1" for ::1 at 2025-02-26 20:33:08 +0100
Processing by RestaurantsController#show as HTML
  Parameters: {"id"=>"1"}
  [1m[36mRestaurant Load (0.2ms)[0m  [1m[34mSELECT "restaurants".* FROM "restaurants" WHERE "restaurants"."id" = ? LIMIT ?[0m  [["id", 1], ["LIMIT", 1]]
  ↳ app/controllers/restaurants_controller.rb:7:in `show'
  Rendering layout layouts/application.html.erb
  Rendering restaurants/show.html.erb within layouts/application
  [1m[36mReview Load (0.1ms)[0m  [1m[34mSELECT "reviews".* FROM "reviews" WHERE "reviews"."restaurant_id" = ?[0m  [["restaurant_id", 1]]
  ↳ app/views/restaurants/show.html.erb:23
  Rendered restaurants/show.html.erb within layouts/application (Duration: 5.9ms | Allocations: 3141)
  Rendered layout layouts/application.html.erb (Duration: 8.8ms | Allocations: 4194)
Completed 200 OK in 12ms (Views: 9.4ms | ActiveRecord: 0.3ms | Allocations: 4801)


Started GET "/restaurants/1/destroy" for ::1 at 2025-02-26 20:33:27 +0100
  
ActionController::RoutingError (No route matches [GET] "/restaurants/1/destroy"):
  
  [1m[36mActiveRecord::SchemaMigration Load (0.0ms)[0m  [1m[34mSELECT "schema_migrations"."version" FROM "schema_migrations" ORDER BY "schema_migrations"."version" ASC[0m
  [1m[36mRestaurant Load (0.1ms)[0m  [1m[34mSELECT "restaurants".* FROM "restaurants"[0m
  [1m[36mTRANSACTION (0.0ms)[0m  [1m[36mbegin transaction[0m
  [1m[36mReview Load (0.2ms)[0m  [1m[34mSELECT "reviews".* FROM "reviews" WHERE "reviews"."restaurant_id" = ?[0m  [["restaurant_id", 1]]
  [1m[36mReview Destroy (0.0ms)[0m  [1m[31mDELETE FROM "reviews" WHERE "reviews"."id" = ?[0m  [["id", 1]]
  [1m[36mRestaurant Destroy (0.0ms)[0m  [1m[31mDELETE FROM "restaurants" WHERE "restaurants"."id" = ?[0m  [["id", 1]]
  [1m[36mTRANSACTION (0.2ms)[0m  [1m[36mcommit transaction[0m
  [1m[36mTRANSACTION (0.0ms)[0m  [1m[36mbegin transaction[0m
  [1m[36mRestaurant Create (0.2ms)[0m  [1m[32mINSERT INTO "restaurants" ("name", "address", "phone_number", "category", "created_at", "updated_at") VALUES (?, ?, ?, ?, ?, ?) RETURNING "id"[0m  [["name", "C'est Bon C'est Belge"], ["address", "Rue du Bon-Secours, Brussel"], ["phone_number", "+321 23 45 67 89"], ["category", "belgian"], ["created_at", "2025-02-26 19:36:19.170130"], ["updated_at", "2025-02-26 19:36:19.170130"]]
  [1m[36mTRANSACTION (0.0ms)[0m  [1m[36mcommit transaction[0m
  [1m[36mTRANSACTION (0.0ms)[0m  [1m[36mbegin transaction[0m
  [1m[36mRestaurant Create (0.2ms)[0m  [1m[32mINSERT INTO "restaurants" ("name", "address", "phone_number", "category", "created_at", "updated_at") VALUES (?, ?, ?, ?, ?, ?) RETURNING "id"[0m  [["name", "Epicure"], ["address", "Faubourg Saint Honoré, Paris"], ["phone_number", "+331 23 45 67 89"], ["category", "french"], ["created_at", "2025-02-26 19:36:19.170972"], ["updated_at", "2025-02-26 19:36:19.170972"]]
  [1m[36mTRANSACTION (0.0ms)[0m  [1m[36mcommit transaction[0m
  [1m[36mTRANSACTION (0.0ms)[0m  [1m[36mbegin transaction[0m
  [1m[36mRestaurant Create (0.2ms)[0m  [1m[32mINSERT INTO "restaurants" ("name", "address", "phone_number", "category", "created_at", "updated_at") VALUES (?, ?, ?, ?, ?, ?) RETURNING "id"[0m  [["name", "Ristorante A Mano"], ["address", "Strausberger Platz, Berlin"], ["phone_number", "+491 23 45 67 89"], ["category", "italian"], ["created_at", "2025-02-26 19:36:19.171633"], ["updated_at", "2025-02-26 19:36:19.171633"]]
  [1m[36mTRANSACTION (0.0ms)[0m  [1m[36mcommit transaction[0m
  [1m[36mTRANSACTION (0.0ms)[0m  [1m[36mbegin transaction[0m
  [1m[36mRestaurant Create (0.2ms)[0m  [1m[32mINSERT INTO "restaurants" ("name", "address", "phone_number", "category", "created_at", "updated_at") VALUES (?, ?, ?, ?, ?, ?) RETURNING "id"[0m  [["name", "Teppanyaki Restaurant Sazanka"], ["address", "Ferdinand Bolstraat, Amsterdam"], ["phone_number", "+311 23 45 67 89"], ["category", "japanese"], ["created_at", "2025-02-26 19:36:19.172265"], ["updated_at", "2025-02-26 19:36:19.172265"]]
  [1m[36mTRANSACTION (0.0ms)[0m  [1m[36mcommit transaction[0m
  [1m[36mTRANSACTION (0.0ms)[0m  [1m[36mbegin transaction[0m
  [1m[36mRestaurant Create (0.2ms)[0m  [1m[32mINSERT INTO "restaurants" ("name", "address", "phone_number", "category", "created_at", "updated_at") VALUES (?, ?, ?, ?, ?, ?) RETURNING "id"[0m  [["name", "Sichuan Folk"], ["address", "Shoreditch, London"], ["phone_number", "+441 23 45 67 89"], ["category", "chinese"], ["created_at", "2025-02-26 19:36:19.172900"], ["updated_at", "2025-02-26 19:36:19.172900"]]
  [1m[36mTRANSACTION (0.0ms)[0m  [1m[36mcommit transaction[0m
Started GET "/restaurants" for ::1 at 2025-02-26 20:36:26 +0100
Processing by RestaurantsController#index as HTML
  Rendering layout layouts/application.html.erb
  Rendering restaurants/index.html.erb within layouts/application
  [1m[36mRestaurant Load (0.3ms)[0m  [1m[34mSELECT "restaurants".* FROM "restaurants"[0m
  ↳ app/views/restaurants/index.html.erb:6
  Rendered restaurants/index.html.erb within layouts/application (Duration: 2.3ms | Allocations: 608)
  Rendered layout layouts/application.html.erb (Duration: 12.9ms | Allocations: 2019)
Completed 200 OK in 15ms (Views: 13.7ms | ActiveRecord: 0.3ms | Allocations: 2253)


Started GET "/restaurants/new" for ::1 at 2025-02-26 20:36:28 +0100
Processing by RestaurantsController#new as HTML
  Rendering layout layouts/application.html.erb
  Rendering restaurants/new.html.erb within layouts/application
  Rendered restaurants/new.html.erb within layouts/application (Duration: 7.7ms | Allocations: 4004)
  Rendered layout layouts/application.html.erb (Duration: 10.3ms | Allocations: 5054)
Completed 200 OK in 13ms (Views: 11.2ms | ActiveRecord: 0.0ms | Allocations: 5295)


Started GET "/restaurants/new" for ::1 at 2025-02-26 20:36:28 +0100
Processing by RestaurantsController#new as HTML
  Rendering layout layouts/application.html.erb
  Rendering restaurants/new.html.erb within layouts/application
  Rendered restaurants/new.html.erb within layouts/application (Duration: 5.3ms | Allocations: 3990)
  Rendered layout layouts/application.html.erb (Duration: 7.5ms | Allocations: 5039)
Completed 200 OK in 11ms (Views: 8.8ms | ActiveRecord: 0.0ms | Allocations: 5280)


Started GET "/restaurants/6" for ::1 at 2025-02-26 20:36:29 +0100
Processing by RestaurantsController#show as HTML
  Parameters: {"id"=>"6"}
  [1m[36mRestaurant Load (0.2ms)[0m  [1m[34mSELECT "restaurants".* FROM "restaurants" WHERE "restaurants"."id" = ? LIMIT ?[0m  [["id", 6], ["LIMIT", 1]]
  ↳ app/controllers/restaurants_controller.rb:7:in `show'
  Rendering layout layouts/application.html.erb
  Rendering restaurants/show.html.erb within layouts/application
  [1m[36mReview Load (0.1ms)[0m  [1m[34mSELECT "reviews".* FROM "reviews" WHERE "reviews"."restaurant_id" = ?[0m  [["restaurant_id", 6]]
  ↳ app/views/restaurants/show.html.erb:23
  Rendered restaurants/show.html.erb within layouts/application (Duration: 6.1ms | Allocations: 3132)
  Rendered layout layouts/application.html.erb (Duration: 8.9ms | Allocations: 4177)
Completed 200 OK in 13ms (Views: 9.4ms | ActiveRecord: 0.4ms | Allocations: 4783)


Started POST "/restaurants/6/reviews" for ::1 at 2025-02-26 20:36:42 +0100
Processing by ReviewsController#create as TURBO_STREAM
  Parameters: {"authenticity_token"=>"[FILTERED]", "review"=>{"rating"=>"2", "content"=>"not so good"}, "commit"=>"Create Review", "restaurant_id"=>"6"}
  [1m[36mRestaurant Load (0.2ms)[0m  [1m[34mSELECT "restaurants".* FROM "restaurants" WHERE "restaurants"."id" = ? LIMIT ?[0m  [["id", 6], ["LIMIT", 1]]
  ↳ app/controllers/reviews_controller.rb:3:in `create'
  [1m[36mTRANSACTION (0.1ms)[0m  [1m[36mbegin transaction[0m
  ↳ app/controllers/reviews_controller.rb:6:in `create'
  [1m[36mReview Create (1.2ms)[0m  [1m[32mINSERT INTO "reviews" ("content", "rating", "restaurant_id", "created_at", "updated_at") VALUES (?, ?, ?, ?, ?) RETURNING "id"[0m  [["content", "not so good"], ["rating", 2], ["restaurant_id", 6], ["created_at", "2025-02-26 19:36:42.590392"], ["updated_at", "2025-02-26 19:36:42.590392"]]
  ↳ app/controllers/reviews_controller.rb:6:in `create'
  [1m[36mTRANSACTION (0.2ms)[0m  [1m[36mcommit transaction[0m
  ↳ app/controllers/reviews_controller.rb:6:in `create'
Redirected to http://localhost:3000/restaurants/6
Completed 302 Found in 9ms (ActiveRecord: 1.7ms | Allocations: 2407)


Started GET "/restaurants/6" for ::1 at 2025-02-26 20:36:42 +0100
Processing by RestaurantsController#show as TURBO_STREAM
  Parameters: {"id"=>"6"}
  [1m[36mRestaurant Load (0.2ms)[0m  [1m[34mSELECT "restaurants".* FROM "restaurants" WHERE "restaurants"."id" = ? LIMIT ?[0m  [["id", 6], ["LIMIT", 1]]
  ↳ app/controllers/restaurants_controller.rb:7:in `show'
  Rendering layout layouts/application.html.erb
  Rendering restaurants/show.html.erb within layouts/application
  [1m[36mReview Load (0.1ms)[0m  [1m[34mSELECT "reviews".* FROM "reviews" WHERE "reviews"."restaurant_id" = ?[0m  [["restaurant_id", 6]]
  ↳ app/views/restaurants/show.html.erb:23
  Rendered restaurants/show.html.erb within layouts/application (Duration: 4.9ms | Allocations: 3151)
  Rendered layout layouts/application.html.erb (Duration: 8.8ms | Allocations: 4197)
Completed 200 OK in 12ms (Views: 9.5ms | ActiveRecord: 0.2ms | Allocations: 4806)


Started GET "/restaurants" for ::1 at 2025-02-26 20:36:45 +0100
Processing by RestaurantsController#index as HTML
  Rendering layout layouts/application.html.erb
  Rendering restaurants/index.html.erb within layouts/application
  [1m[36mRestaurant Load (0.2ms)[0m  [1m[34mSELECT "restaurants".* FROM "restaurants"[0m
  ↳ app/views/restaurants/index.html.erb:6
  Rendered restaurants/index.html.erb within layouts/application (Duration: 2.1ms | Allocations: 608)
  Rendered layout layouts/application.html.erb (Duration: 6.0ms | Allocations: 1993)
Completed 200 OK in 8ms (Views: 6.7ms | ActiveRecord: 0.1ms | Allocations: 2226)


Started GET "/restaurants/3" for ::1 at 2025-02-26 20:36:46 +0100
Processing by RestaurantsController#show as HTML
  Parameters: {"id"=>"3"}
  [1m[36mRestaurant Load (0.2ms)[0m  [1m[34mSELECT "restaurants".* FROM "restaurants" WHERE "restaurants"."id" = ? LIMIT ?[0m  [["id", 3], ["LIMIT", 1]]
  ↳ app/controllers/restaurants_controller.rb:7:in `show'
  Rendering layout layouts/application.html.erb
  Rendering restaurants/show.html.erb within layouts/application
  [1m[36mReview Load (0.1ms)[0m  [1m[34mSELECT "reviews".* FROM "reviews" WHERE "reviews"."restaurant_id" = ?[0m  [["restaurant_id", 3]]
  ↳ app/views/restaurants/show.html.erb:23
  Rendered restaurants/show.html.erb within layouts/application (Duration: 5.2ms | Allocations: 3147)
  Rendered layout layouts/application.html.erb (Duration: 7.0ms | Allocations: 4206)
Completed 200 OK in 10ms (Views: 7.5ms | ActiveRecord: 0.3ms | Allocations: 4814)


Started GET "/restaurants/2" for ::1 at 2025-02-26 20:36:46 +0100
Processing by RestaurantsController#show as HTML
  Parameters: {"id"=>"2"}
  [1m[36mRestaurant Load (0.3ms)[0m  [1m[34mSELECT "restaurants".* FROM "restaurants" WHERE "restaurants"."id" = ? LIMIT ?[0m  [["id", 2], ["LIMIT", 1]]
  ↳ app/controllers/restaurants_controller.rb:7:in `show'
  Rendering layout layouts/application.html.erb
  Rendering restaurants/show.html.erb within layouts/application
  [1m[36mReview Load (0.1ms)[0m  [1m[34mSELECT "reviews".* FROM "reviews" WHERE "reviews"."restaurant_id" = ?[0m  [["restaurant_id", 2]]
  ↳ app/views/restaurants/show.html.erb:23
  Rendered restaurants/show.html.erb within layouts/application (Duration: 6.3ms | Allocations: 3115)
  Rendered layout layouts/application.html.erb (Duration: 9.3ms | Allocations: 4160)
Completed 200 OK in 13ms (Views: 10.1ms | ActiveRecord: 0.3ms | Allocations: 4766)


  [1m[36mActiveRecord::InternalMetadata Load (0.0ms)[0m  [1m[34mSELECT * FROM "ar_internal_metadata" WHERE "ar_internal_metadata"."key" = ? ORDER BY "ar_internal_metadata"."key" ASC LIMIT 1[0m  [[nil, "environment"]]
  [1m[36mActiveRecord::SchemaMigration Load (0.0ms)[0m  [1m[34mSELECT "schema_migrations"."version" FROM "schema_migrations" ORDER BY "schema_migrations"."version" ASC[0m
Migrating to CreateRestaurants (20250225114556)
  [1m[36mTRANSACTION (0.0ms)[0m  [1m[36mbegin transaction[0m
  [1m[35m (0.3ms)[0m  [1m[35mCREATE TABLE "restaurants" ("id" integer PRIMARY KEY AUTOINCREMENT NOT NULL, "name" varchar, "address" varchar, "phone_number" varchar, "category" varchar, "created_at" datetime(6) NOT NULL, "updated_at" datetime(6) NOT NULL)[0m
  [1m[36mTRANSACTION (0.0ms)[0m  [1m[31mrollback transaction[0m
  [1m[36mActiveRecord::SchemaMigration Load (0.0ms)[0m  [1m[34mSELECT "schema_migrations"."version" FROM "schema_migrations" ORDER BY "schema_migrations"."version" ASC[0m
  [1m[36mActiveRecord::SchemaMigration Load (0.0ms)[0m  [1m[34mSELECT "schema_migrations"."version" FROM "schema_migrations" ORDER BY "schema_migrations"."version" ASC[0m
  [1m[36mActiveRecord::SchemaMigration Load (0.0ms)[0m  [1m[34mSELECT "schema_migrations"."version" FROM "schema_migrations" ORDER BY "schema_migrations"."version" ASC[0m
  [1m[36mActiveRecord::SchemaMigration Load (0.0ms)[0m  [1m[34mSELECT "schema_migrations"."version" FROM "schema_migrations" ORDER BY "schema_migrations"."version" ASC[0m
  [1m[36mActiveRecord::SchemaMigration Load (0.0ms)[0m  [1m[34mSELECT "schema_migrations"."version" FROM "schema_migrations" ORDER BY "schema_migrations"."version" ASC[0m
  [1m[36mActiveRecord::SchemaMigration Load (0.0ms)[0m  [1m[34mSELECT "schema_migrations"."version" FROM "schema_migrations" ORDER BY "schema_migrations"."version" ASC[0m
  [1m[36mActiveRecord::SchemaMigration Load (0.0ms)[0m  [1m[34mSELECT "schema_migrations"."version" FROM "schema_migrations" ORDER BY "schema_migrations"."version" ASC[0m
Migrating to CreateReviews (20220317114651)
  [1m[36mTRANSACTION (0.0ms)[0m  [1m[36mbegin transaction[0m
  [1m[35m (0.5ms)[0m  [1m[35mDROP TABLE "reviews"[0m
  [1m[36mActiveRecord::SchemaMigration Destroy (0.0ms)[0m  [1m[31mDELETE FROM "schema_migrations" WHERE "schema_migrations"."version" = '20220317114651'[0m
  [1m[36mTRANSACTION (0.1ms)[0m  [1m[36mcommit transaction[0m
  [1m[36mActiveRecord::SchemaMigration Load (0.0ms)[0m  [1m[34mSELECT "schema_migrations"."version" FROM "schema_migrations" ORDER BY "schema_migrations"."version" ASC[0m
  [1m[36mActiveRecord::SchemaMigration Load (0.0ms)[0m  [1m[34mSELECT "schema_migrations"."version" FROM "schema_migrations" ORDER BY "schema_migrations"."version" ASC[0m
  [1m[36mActiveRecord::SchemaMigration Load (0.0ms)[0m  [1m[34mSELECT "schema_migrations"."version" FROM "schema_migrations" ORDER BY "schema_migrations"."version" ASC[0m
  [1m[36mActiveRecord::SchemaMigration Load (0.0ms)[0m  [1m[34mSELECT "schema_migrations"."version" FROM "schema_migrations" ORDER BY "schema_migrations"."version" ASC[0m
  [1m[36mActiveRecord::SchemaMigration Load (0.0ms)[0m  [1m[34mSELECT "schema_migrations"."version" FROM "schema_migrations" ORDER BY "schema_migrations"."version" ASC[0m
Migrating to CreateRestaurants (20220317114556)
  [1m[36mTRANSACTION (0.0ms)[0m  [1m[36mbegin transaction[0m
  [1m[35m (0.3ms)[0m  [1m[35mDROP TABLE "restaurants"[0m
  [1m[36mActiveRecord::SchemaMigration Destroy (0.0ms)[0m  [1m[31mDELETE FROM "schema_migrations" WHERE "schema_migrations"."version" = '20220317114556'[0m
  [1m[36mTRANSACTION (0.2ms)[0m  [1m[36mcommit transaction[0m
  [1m[36mActiveRecord::SchemaMigration Load (0.0ms)[0m  [1m[34mSELECT "schema_migrations"."version" FROM "schema_migrations" ORDER BY "schema_migrations"."version" ASC[0m
  [1m[36mActiveRecord::InternalMetadata Load (0.0ms)[0m  [1m[34mSELECT * FROM "ar_internal_metadata" WHERE "ar_internal_metadata"."key" = ? ORDER BY "ar_internal_metadata"."key" ASC LIMIT 1[0m  [[nil, "environment"]]
  [1m[36mActiveRecord::SchemaMigration Load (0.0ms)[0m  [1m[34mSELECT "schema_migrations"."version" FROM "schema_migrations" ORDER BY "schema_migrations"."version" ASC[0m
Migrating to CreateRestaurants (20250225114556)
  [1m[36mTRANSACTION (0.0ms)[0m  [1m[36mbegin transaction[0m
  [1m[35m (0.4ms)[0m  [1m[35mCREATE TABLE "restaurants" ("id" integer PRIMARY KEY AUTOINCREMENT NOT NULL, "name" varchar, "address" varchar, "phone_number" varchar, "category" varchar, "created_at" datetime(6) NOT NULL, "updated_at" datetime(6) NOT NULL)[0m
  [1m[36mActiveRecord::SchemaMigration Create (0.0ms)[0m  [1m[32mINSERT INTO "schema_migrations" ("version") VALUES ('20250225114556') RETURNING "version"[0m
  [1m[36mTRANSACTION (0.0ms)[0m  [1m[36mcommit transaction[0m
Migrating to CreateReviews (20250225114651)
  [1m[36mTRANSACTION (0.0ms)[0m  [1m[36mbegin transaction[0m
  [1m[35m (0.2ms)[0m  [1m[35mCREATE TABLE "reviews" ("id" integer PRIMARY KEY AUTOINCREMENT NOT NULL, "content" text, "rating" integer, "restaurant_id" integer NOT NULL, "created_at" datetime(6) NOT NULL, "updated_at" datetime(6) NOT NULL, CONSTRAINT "fk_rails_8173017a90"
FOREIGN KEY ("restaurant_id")
  REFERENCES "restaurants" ("id")
)[0m
  [1m[35m (0.0ms)[0m  [1m[35mCREATE INDEX "index_reviews_on_restaurant_id" ON "reviews" ("restaurant_id")[0m
  [1m[36mActiveRecord::SchemaMigration Create (0.0ms)[0m  [1m[32mINSERT INTO "schema_migrations" ("version") VALUES ('20250225114651') RETURNING "version"[0m
  [1m[36mTRANSACTION (0.0ms)[0m  [1m[36mcommit transaction[0m
  [1m[36mActiveRecord::SchemaMigration Load (0.0ms)[0m  [1m[34mSELECT "schema_migrations"."version" FROM "schema_migrations" ORDER BY "schema_migrations"."version" ASC[0m
